14:21:46 | [jkl.sh] 1.4.24 started
14:21:49 | new post: 2023-01-15 - The Title
14:21:49 | [jkl.sh] ended after 3 secs
14:47:36 | [jkl] 1.4.24 started
14:51:08 | [jkl] 1.4.24 started
14:51:16 | new post: 2023-01-15 - Just a test
14:51:16 | [jkl] ended after 8 secs
14:51:56 | [jkl] 1.4.24 started
14:52:12 | new post: 2023-01-15 - War
14:52:12 | [jkl] ended after 16 secs
14:56:04 | [jkl] 1.4.24 started
14:56:07 | new post: 2023-01-15 - The Title
14:56:07 | [jkl] ended after 3 secs
14:57:44 | [jkl] 1.4.24 started
14:57:45 | new post: 2023-01-15 - The Title
14:57:46 | [jkl] ended after 2 secs
14:58:47 | [jkl] 1.4.24 started
14:58:47 | new post: 2023-01-15 - The Title
14:58:49 | [jkl] ended after 3 secs
14:59:22 | [jkl] 1.4.24 started
14:59:23 | new post: 2023-01-15 - The Title
14:59:24 | [jkl] ended after 2 secs
15:02:47 | [jkl] 1.4.24 started
15:02:49 | new post: 2023-01-15 - The Title
15:02:50 | [jkl] ended after 4 secs
15:03:34 | [jkl] 1.4.24 started
15:04:22 | new post: 2023-01-15 - Realistic range of an electric vehicle
15:04:23 | [jkl] ended after 49 secs
15:16:42 | [jkl] 1.4.24 started
15:16:42 | serve
15:16:51 | [jkl] ended after 9 secs
15:18:01 | [jkl] 1.4.24 started
15:18:01 | serve
15:20:08 | [jkl] 1.4.24 started
15:20:08 | serve
18:20:32 | [jkl] 1.4.24 started
18:20:32 | serve
18:30:15 | [jkl] 1.4.24 started
18:30:15 | serve
18:30:21 | [jkl] 1.4.24 started
18:30:21 | deploy
18:30:36 | [jkl] ended after 16 secs
